<?xml version="1.0" encoding="UTF-8"?>
<testng-results ignored="0" total="5" passed="4" failed="1" skipped="0">
  <reporter-output>
  </reporter-output>
  <suite started-at="2021-05-06T18:55:58 EDT" name="Suite" finished-at="2021-05-06T18:56:23 EDT" duration-ms="24863">
    <groups>
    </groups>
    <test started-at="2021-05-06T18:55:58 EDT" name="Test" finished-at="2021-05-06T18:56:18 EDT" duration-ms="19873">
      <class name="EndtoEnd.validateTitleTest">
        <test-method is-config="true" signature="setup()[pri:0, instance:EndtoEnd.validateTitleTest@14c93774]" started-at="2021-05-06T18:55:58 EDT" name="setup" finished-at="2021-05-06T18:56:09 EDT" duration-ms="10933" status="PASS">
          <reporter-output>
          </reporter-output>
        </test-method> <!-- setup -->
        <test-method signature="land()[pri:0, instance:EndtoEnd.validateTitleTest@14c93774]" started-at="2021-05-06T18:56:09 EDT" name="land" finished-at="2021-05-06T18:56:15 EDT" duration-ms="5905" status="FAIL">
          <exception class="java.lang.AssertionError">
            <message>
              <![CDATA[expected [FEATURED COURSES] but found [FEATURED COURSE]]]>
            </message>
            <full-stacktrace>
              <![CDATA[java.lang.AssertionError: expected [FEATURED COURSES] but found [FEATURED COURSE]
at org.testng.Assert.fail(Assert.java:99)
at org.testng.Assert.failNotEquals(Assert.java:1037)
at org.testng.Assert.assertEqualsImpl(Assert.java:140)
at org.testng.Assert.assertEquals(Assert.java:122)
at org.testng.Assert.assertEquals(Assert.java:629)
at org.testng.Assert.assertEquals(Assert.java:639)
at EndtoEnd.validateTitleTest.land(validateTitleTest.java:55)
at java.base/jdk.internal.reflect.NativeMethodAccessorImpl.invoke0(Native Method)
at java.base/jdk.internal.reflect.NativeMethodAccessorImpl.invoke(NativeMethodAccessorImpl.java:64)
at java.base/jdk.internal.reflect.DelegatingMethodAccessorImpl.invoke(DelegatingMethodAccessorImpl.java:43)
at java.base/java.lang.reflect.Method.invoke(Method.java:564)
at org.testng.internal.MethodInvocationHelper.invokeMethod(MethodInvocationHelper.java:132)
at org.testng.internal.TestInvoker.invokeMethod(TestInvoker.java:599)
at org.testng.internal.TestInvoker.invokeTestMethod(TestInvoker.java:174)
at org.testng.internal.MethodRunner.runInSequence(MethodRunner.java:46)
at org.testng.internal.TestInvoker$MethodInvocationAgent.invoke(TestInvoker.java:822)
at org.testng.internal.TestInvoker.invokeTestMethods(TestInvoker.java:147)
at org.testng.internal.TestMethodWorker.invokeTestMethods(TestMethodWorker.java:146)
at org.testng.internal.TestMethodWorker.run(TestMethodWorker.java:128)
at java.base/java.util.ArrayList.forEach(ArrayList.java:1511)
at org.testng.TestRunner.privateRun(TestRunner.java:764)
at org.testng.TestRunner.run(TestRunner.java:585)
at org.testng.SuiteRunner.runTest(SuiteRunner.java:384)
at org.testng.SuiteRunner.access$000(SuiteRunner.java:28)
at org.testng.SuiteRunner$SuiteWorker.run(SuiteRunner.java:425)
at org.testng.internal.thread.ThreadUtil.lambda$execute$0(ThreadUtil.java:66)
at java.base/java.util.concurrent.FutureTask.run(FutureTask.java:264)
at java.base/java.util.concurrent.ThreadPoolExecutor.runWorker(ThreadPoolExecutor.java:1130)
at java.base/java.util.concurrent.ThreadPoolExecutor$Worker.run(ThreadPoolExecutor.java:630)
at java.base/java.lang.Thread.run(Thread.java:832)
]]>
            </full-stacktrace>
          </exception> <!-- java.lang.AssertionError -->
          <reporter-output>
          </reporter-output>
        </test-method> <!-- land -->
        <test-method signature="navbar()[pri:0, instance:EndtoEnd.validateTitleTest@14c93774]" started-at="2021-05-06T18:56:16 EDT" name="navbar" finished-at="2021-05-06T18:56:16 EDT" duration-ms="181" status="PASS">
          <reporter-output>
          </reporter-output>
        </test-method> <!-- navbar -->
        <test-method is-config="true" signature="quit()[pri:0, instance:EndtoEnd.validateTitleTest@14c93774]" started-at="2021-05-06T18:56:16 EDT" name="quit" finished-at="2021-05-06T18:56:18 EDT" duration-ms="1835" status="PASS">
          <reporter-output>
          </reporter-output>
        </test-method> <!-- quit -->
      </class> <!-- EndtoEnd.validateTitleTest -->
    </test> <!-- Test -->
    <test started-at="2021-05-06T18:55:58 EDT" name="Test1" finished-at="2021-05-06T18:56:23 EDT" duration-ms="24863">
      <class name="EndtoEnd.homePageTest">
        <test-method is-config="true" signature="setup()[pri:0, instance:EndtoEnd.homePageTest@7c5d1d25]" started-at="2021-05-06T18:55:58 EDT" name="setup" finished-at="2021-05-06T18:56:08 EDT" duration-ms="10076" status="PASS">
          <reporter-output>
          </reporter-output>
        </test-method> <!-- setup -->
        <test-method signature="login()[pri:0, instance:EndtoEnd.homePageTest@7c5d1d25]" started-at="2021-05-06T18:56:08 EDT" name="login" description="click login button" finished-at="2021-05-06T18:56:17 EDT" duration-ms="8675" status="PASS">
          <reporter-output>
          </reporter-output>
        </test-method> <!-- login -->
        <test-method signature="login1(java.lang.String, java.lang.String)[pri:0, instance:EndtoEnd.homePageTest@7c5d1d25]" started-at="2021-05-06T18:56:17 EDT" name="login1" data-provider="data" finished-at="2021-05-06T18:56:19 EDT" duration-ms="2904" status="PASS">
          <params>
            <param index="0">
              <value>
                <![CDATA[username1]]>
              </value>
            </param>
            <param index="1">
              <value>
                <![CDATA[pass1]]>
              </value>
            </param>
          </params>
          <reporter-output>
          </reporter-output>
        </test-method> <!-- login1 -->
        <test-method signature="login1(java.lang.String, java.lang.String)[pri:0, instance:EndtoEnd.homePageTest@7c5d1d25]" started-at="2021-05-06T18:56:19 EDT" name="login1" data-provider="data" finished-at="2021-05-06T18:56:22 EDT" duration-ms="2336" status="PASS">
          <params>
            <param index="0">
              <value>
                <![CDATA[username2]]>
              </value>
            </param>
            <param index="1">
              <value>
                <![CDATA[pass2]]>
              </value>
            </param>
          </params>
          <reporter-output>
          </reporter-output>
        </test-method> <!-- login1 -->
        <test-method is-config="true" signature="quit()[pri:0, instance:EndtoEnd.homePageTest@7c5d1d25]" started-at="2021-05-06T18:56:22 EDT" name="quit" finished-at="2021-05-06T18:56:23 EDT" duration-ms="742" status="PASS">
          <reporter-output>
          </reporter-output>
        </test-method> <!-- quit -->
      </class> <!-- EndtoEnd.homePageTest -->
    </test> <!-- Test1 -->
  </suite> <!-- Suite -->
</testng-results>
